2025-11-03 04:10:28 - root - INFO - Logging started. Log file: results/run_no_positional/20251103_041028/train.log
2025-11-03 04:10:28 - root - INFO - Save dir: results/run_no_positional/20251103_041028
2025-11-03 04:10:28 - root - INFO - Ablation: {'no_positional': True, 'no_residual': False, 'relative_pos': False, 'reduce_heads': False}
2025-11-03 04:10:32 - root - INFO - Model params: 163,665,865
2025-11-03 04:10:33 - root - INFO - Using WarmupCosineSchedule with 96630 total steps and 4000 warmup steps.
2025-11-03 04:10:33 - root - INFO - Using Grad Clip Norm: 1.0
2025-11-03 04:10:33 - root - INFO - Starting training...
2025-11-03 04:20:13 - root - INFO - [Epoch 01/30] Time=580s, train=7.4518, val=6.3725
2025-11-03 04:20:15 - root - INFO - ✅ Saved new best model (val_loss=6.3725)
2025-11-03 04:29:52 - root - INFO - [Epoch 02/30] Time=576s, train=6.2498, val=5.8511
2025-11-03 04:29:59 - root - INFO - ✅ Saved new best model (val_loss=5.8511)
2025-11-03 04:39:36 - root - INFO - [Epoch 03/30] Time=577s, train=5.8427, val=5.6408
2025-11-03 04:39:43 - root - INFO - ✅ Saved new best model (val_loss=5.6408)
2025-11-03 04:49:21 - root - INFO - [Epoch 04/30] Time=578s, train=5.6091, val=5.5520
2025-11-03 04:49:27 - root - INFO - ✅ Saved new best model (val_loss=5.5520)
2025-11-03 04:59:05 - root - INFO - [Epoch 05/30] Time=578s, train=5.4407, val=5.4851
2025-11-03 04:59:12 - root - INFO - ✅ Saved new best model (val_loss=5.4851)
2025-11-03 05:08:49 - root - INFO - [Epoch 06/30] Time=577s, train=5.3042, val=5.4829
2025-11-03 05:08:56 - root - INFO - ✅ Saved new best model (val_loss=5.4829)
2025-11-03 05:18:32 - root - INFO - [Epoch 07/30] Time=577s, train=5.1884, val=5.4664
2025-11-03 05:18:39 - root - INFO - ✅ Saved new best model (val_loss=5.4664)
2025-11-03 05:28:15 - root - INFO - [Epoch 08/30] Time=576s, train=5.0870, val=5.4667
2025-11-03 05:37:52 - root - INFO - [Epoch 09/30] Time=577s, train=4.9979, val=5.5357
2025-11-03 05:55:50 - root - INFO - [Epoch 10/30] Time=577s, train=4.9122, val=5.5176, BLEU=8.61
2025-11-03 06:05:27 - root - INFO - [Epoch 11/30] Time=577s, train=4.8356, val=5.5486
2025-11-03 06:15:05 - root - INFO - [Epoch 12/30] Time=578s, train=4.7662, val=5.5803
2025-11-03 06:24:42 - root - INFO - [Epoch 13/30] Time=577s, train=4.7017, val=5.6143
2025-11-03 06:34:18 - root - INFO - [Epoch 14/30] Time=576s, train=4.6405, val=5.6435
2025-11-03 06:43:56 - root - INFO - [Epoch 15/30] Time=578s, train=4.5844, val=5.6923
2025-11-03 06:53:35 - root - INFO - [Epoch 16/30] Time=579s, train=4.5327, val=5.7239
2025-11-03 07:03:12 - root - INFO - [Epoch 17/30] Time=577s, train=4.4861, val=5.7664
2025-11-03 07:12:48 - root - INFO - [Epoch 18/30] Time=576s, train=4.4437, val=5.7965
2025-11-03 07:22:24 - root - INFO - [Epoch 19/30] Time=576s, train=4.4048, val=5.8309
2025-11-03 07:40:13 - root - INFO - [Epoch 20/30] Time=578s, train=4.3733, val=5.8638, BLEU=8.67
2025-11-03 07:49:49 - root - INFO - [Epoch 21/30] Time=577s, train=4.3443, val=5.8978
2025-11-03 07:59:25 - root - INFO - [Epoch 22/30] Time=576s, train=4.3193, val=5.9183
2025-11-03 08:09:00 - root - INFO - [Epoch 23/30] Time=575s, train=4.2978, val=5.9390
2025-11-03 08:18:38 - root - INFO - [Epoch 24/30] Time=577s, train=4.2793, val=5.9777
2025-11-03 08:28:15 - root - INFO - [Epoch 25/30] Time=577s, train=4.2639, val=6.0006
2025-11-03 08:37:53 - root - INFO - [Epoch 26/30] Time=578s, train=4.2524, val=6.0082
2025-11-03 08:47:29 - root - INFO - [Epoch 27/30] Time=576s, train=4.2409, val=6.0205
2025-11-03 08:57:06 - root - INFO - [Epoch 28/30] Time=577s, train=4.2306, val=6.0260
2025-11-03 09:06:42 - root - INFO - [Epoch 29/30] Time=576s, train=4.2234, val=6.0331
2025-11-03 09:24:27 - root - INFO - [Epoch 30/30] Time=577s, train=4.2180, val=6.0353, BLEU=8.72
2025-11-03 09:24:27 - root - INFO - Training complete. Loading best model for final evaluation...
2025-11-03 09:24:28 - root - INFO - Loaded best model from epoch 7 (val_loss=5.4664)
2025-11-03 09:32:49 - root - INFO - Final BLEU (from best model) = 8.24
