2025-11-03 16:15:46 - root - INFO - Logging started. Log file: results/run_reduce_heads/20251103_161546/train.log
2025-11-03 16:15:46 - root - INFO - Save dir: results/run_reduce_heads/20251103_161546
2025-11-03 16:15:46 - root - INFO - Ablation: {'no_positional': False, 'no_residual': False, 'relative_pos': False, 'reduce_heads': True}
2025-11-03 16:15:50 - root - INFO - Model params: 163,665,865
2025-11-03 16:15:51 - root - INFO - Using WarmupCosineSchedule with 96630 total steps and 4000 warmup steps.
2025-11-03 16:15:51 - root - INFO - Using Grad Clip Norm: 1.0
2025-11-03 16:15:51 - root - INFO - Starting training...
2025-11-03 16:25:15 - root - INFO - [Epoch 01/30] Time=565s, train=7.6146, val=6.4622
2025-11-03 16:25:18 - root - INFO - ✅ Saved new best model (val_loss=6.4622)
2025-11-03 16:34:36 - root - INFO - [Epoch 02/30] Time=558s, train=6.2335, val=5.6085
2025-11-03 16:34:45 - root - INFO - ✅ Saved new best model (val_loss=5.6085)
2025-11-03 16:44:07 - root - INFO - [Epoch 03/30] Time=562s, train=5.6242, val=5.2397
2025-11-03 16:44:15 - root - INFO - ✅ Saved new best model (val_loss=5.2397)
2025-11-03 16:53:38 - root - INFO - [Epoch 04/30] Time=563s, train=5.2795, val=5.0231
2025-11-03 16:53:46 - root - INFO - ✅ Saved new best model (val_loss=5.0231)
2025-11-03 17:03:05 - root - INFO - [Epoch 05/30] Time=559s, train=5.0549, val=4.8631
2025-11-03 17:03:13 - root - INFO - ✅ Saved new best model (val_loss=4.8631)
2025-11-03 17:12:35 - root - INFO - [Epoch 06/30] Time=562s, train=4.8921, val=4.7903
2025-11-03 17:12:42 - root - INFO - ✅ Saved new best model (val_loss=4.7903)
2025-11-03 17:22:02 - root - INFO - [Epoch 07/30] Time=559s, train=4.7650, val=4.7252
2025-11-03 17:22:11 - root - INFO - ✅ Saved new best model (val_loss=4.7252)
2025-11-03 17:31:31 - root - INFO - [Epoch 08/30] Time=560s, train=4.6656, val=4.6572
2025-11-03 17:31:40 - root - INFO - ✅ Saved new best model (val_loss=4.6572)
2025-11-03 17:41:00 - root - INFO - [Epoch 09/30] Time=560s, train=4.5818, val=4.6469
2025-11-03 17:41:08 - root - INFO - ✅ Saved new best model (val_loss=4.6469)
2025-11-03 17:56:45 - root - INFO - [Epoch 10/30] Time=563s, train=4.5032, val=4.6023, BLEU=22.34
2025-11-03 17:56:54 - root - INFO - ✅ Saved new best model (val_loss=4.6023)
2025-11-03 18:06:17 - root - INFO - [Epoch 11/30] Time=563s, train=4.4327, val=4.5737
2025-11-03 18:06:25 - root - INFO - ✅ Saved new best model (val_loss=4.5737)
2025-11-03 18:15:50 - root - INFO - [Epoch 12/30] Time=565s, train=4.3723, val=4.5783
2025-11-03 18:25:14 - root - INFO - [Epoch 13/30] Time=564s, train=4.3304, val=4.5877
2025-11-03 18:34:37 - root - INFO - [Epoch 14/30] Time=563s, train=4.2856, val=4.5793
2025-11-03 18:44:04 - root - INFO - [Epoch 15/30] Time=567s, train=4.2436, val=4.5846
2025-11-03 18:53:30 - root - INFO - [Epoch 16/30] Time=566s, train=4.2055, val=4.5589
2025-11-03 18:53:37 - root - INFO - ✅ Saved new best model (val_loss=4.5589)
2025-11-03 19:03:02 - root - INFO - [Epoch 17/30] Time=565s, train=4.1714, val=4.5758
2025-11-03 19:12:24 - root - INFO - [Epoch 18/30] Time=562s, train=4.1426, val=4.5598
2025-11-03 19:21:50 - root - INFO - [Epoch 19/30] Time=566s, train=4.1199, val=4.6101
2025-11-03 19:37:52 - root - INFO - [Epoch 20/30] Time=568s, train=4.1027, val=4.5992, BLEU=24.56
2025-11-03 19:47:18 - root - INFO - [Epoch 21/30] Time=566s, train=4.0858, val=4.6224
2025-11-03 19:56:44 - root - INFO - [Epoch 22/30] Time=566s, train=4.0699, val=4.5983
2025-11-03 20:06:07 - root - INFO - [Epoch 23/30] Time=563s, train=4.0593, val=4.5940
2025-11-03 20:15:31 - root - INFO - [Epoch 24/30] Time=564s, train=4.0499, val=4.6201
2025-11-03 20:24:56 - root - INFO - [Epoch 25/30] Time=564s, train=4.0414, val=4.6340
2025-11-03 20:34:21 - root - INFO - [Epoch 26/30] Time=565s, train=4.0369, val=4.6315
2025-11-03 20:43:44 - root - INFO - [Epoch 27/30] Time=563s, train=4.0317, val=4.6417
2025-11-03 20:53:09 - root - INFO - [Epoch 28/30] Time=565s, train=4.0268, val=4.6449
2025-11-03 21:02:33 - root - INFO - [Epoch 29/30] Time=564s, train=4.0227, val=4.6490
2025-11-03 21:18:32 - root - INFO - [Epoch 30/30] Time=567s, train=4.0193, val=4.6509, BLEU=24.79
2025-11-03 21:18:32 - root - INFO - Training complete. Loading best model for final evaluation...
2025-11-03 21:18:34 - root - INFO - Loaded best model from epoch 16 (val_loss=4.5589)
2025-11-03 21:24:59 - root - INFO - Final BLEU (from best model) = 23.93
